04:01:15 03-11-2023 [INFO]: Conexão com o banco de dados realizada com sucesso!
04:01:15 03-11-2023 [INFO]: Aplicação iniciada com sucesso na porta 3000
04:02:16 03-11-2023 [INFO]: Conexão com o banco de dados realizada com sucesso!
04:02:16 03-11-2023 [INFO]: Aplicação iniciada com sucesso na porta 3000
04:02:43 03-11-2023 [ERROR]: Não foi possível conectar ao banco de dados.
04:02:43 03-11-2023 [ERROR]: Erro: Error: querySrv ENOTFOUND _mongodb._tcp.cluster0.ca7mmuk.mongod.net
04:02:44 03-11-2023 [INFO]: Aplicação iniciada com sucesso na porta 3000
04:03:47 03-11-2023 [ERROR]: Não foi possível conectar ao banco de dados.
04:03:47 03-11-2023 [ERROR]: Error: querySrv ENOTFOUND _mongodb._tcp.cluster0.ca7mmuk.mongod.net
04:03:47 03-11-2023 [INFO]: Aplicação iniciada com sucesso na porta 3000
04:04:16 03-11-2023 [INFO]: Conexão com o banco de dados realizada com sucesso!
04:04:16 03-11-2023 [INFO]: Aplicação iniciada com sucesso na porta 3000
16:43:26 03-11-2023 [ERROR]: Não foi possível conectar ao banco de dados.
16:43:26 03-11-2023 [ERROR]: MongooseServerSelectionError: Could not connect to any servers in your MongoDB Atlas cluster. One common reason is that you're trying to access the database from an IP that isn't whitelisted. Make sure your current IP address is on your Atlas cluster's IP whitelist: https://www.mongodb.com/docs/atlas/security-whitelist/
16:43:26 03-11-2023 [INFO]: Aplicação iniciada com sucesso na porta 3000
16:45:05 03-11-2023 [INFO]: Conexão com o banco de dados realizada com sucesso!
16:45:05 03-11-2023 [INFO]: Aplicação iniciada com sucesso na porta 3000
17:13:54 03-11-2023 [INFO]: Conexão com o banco de dados realizada com sucesso!
17:13:54 03-11-2023 [INFO]: Aplicação iniciada com sucesso na porta 3000
17:14:23 03-11-2023 [HTTP]: GET / 200 : res[content-length] = 2.261 ms

17:15:42 03-11-2023 [INFO]: Conexão com o banco de dados realizada com sucesso!
17:15:42 03-11-2023 [INFO]: Aplicação iniciada com sucesso na porta 3000
17:15:48 03-11-2023 [HTTP]: GET / 200 46 = 1.994 ms

17:17:08 03-11-2023 [INFO]: Conexão com o banco de dados realizada com sucesso!
17:17:08 03-11-2023 [INFO]: Aplicação iniciada com sucesso na porta 3000
17:17:18 03-11-2023 [HTTP]: GET / '200' 46 = 1.989 ms

17:18:14 03-11-2023 [INFO]: Conexão com o banco de dados realizada com sucesso!
17:18:14 03-11-2023 [INFO]: Aplicação iniciada com sucesso na porta 3000
17:18:31 03-11-2023 [HTTP]: GET "/" 200 46 - 2.096 ms

17:19:47 03-11-2023 [INFO]: Conexão com o banco de dados realizada com sucesso!
17:19:47 03-11-2023 [INFO]: Aplicação iniciada com sucesso na porta 3000
17:19:52 03-11-2023 [HTTP]: 1.1 GET "/" 200 46 - 2.326 ms

17:21:11 03-11-2023 [INFO]: Conexão com o banco de dados realizada com sucesso!
17:21:11 03-11-2023 [INFO]: Aplicação iniciada com sucesso na porta 3000
17:21:17 03-11-2023 [HTTP]: GET "/" 200 ::1 46 - 2.246 ms

17:21:54 03-11-2023 [INFO]: Conexão com o banco de dados realizada com sucesso!
17:21:54 03-11-2023 [INFO]: Aplicação iniciada com sucesso na porta 3000
17:21:56 03-11-2023 [HTTP]: GET "/" 200 - 46 - 2.051 ms

17:22:31 03-11-2023 [INFO]: Conexão com o banco de dados realizada com sucesso!
17:22:31 03-11-2023 [INFO]: Aplicação iniciada com sucesso na porta 3000
17:22:32 03-11-2023 [HTTP]: GET "/" 200 PostmanRuntime/7.35.0 46 - 2.384 ms

17:22:57 03-11-2023 [HTTP]: GET "/register" 404 PostmanRuntime/7.35.0 147 - 1.941 ms

17:23:58 03-11-2023 [INFO]: Conexão com o banco de dados realizada com sucesso!
17:23:58 03-11-2023 [INFO]: Aplicação iniciada com sucesso na porta 3000
17:24:17 03-11-2023 [HTTP]: GET "/register" 404 PostmanRuntime/7.35.0 - 147 - 2.761 ms

17:24:34 03-11-2023 [HTTP]: POST "/register" 404 PostmanRuntime/7.35.0 - 148 - 0.496 ms

17:24:39 03-11-2023 [HTTP]: GET "/" 200 PostmanRuntime/7.35.0 - 46 - 2.117 ms

17:25:32 03-11-2023 [INFO]: Conexão com o banco de dados realizada com sucesso!
17:25:32 03-11-2023 [INFO]: Aplicação iniciada com sucesso na porta 3000
17:25:40 03-11-2023 [HTTP]: GET "/" 200 PostmanRuntime/7.35.0 - - 46 - 3.394 ms

17:26:11 03-11-2023 [INFO]: Conexão com o banco de dados realizada com sucesso!
17:26:11 03-11-2023 [INFO]: Aplicação iniciada com sucesso na porta 3000
17:26:20 03-11-2023 [HTTP]: GET "/" 200 PostmanRuntime/7.35.0 - 46 - 2.087 ms

17:27:07 03-11-2023 [INFO]: Conexão com o banco de dados realizada com sucesso!
17:27:07 03-11-2023 [INFO]: Aplicação iniciada com sucesso na porta 3000
17:27:08 03-11-2023 [HTTP]: GET "/" 200 46 PostmanRuntime/7.35.0 - 2.343 ms

17:29:05 03-11-2023 [INFO]: Conexão com o banco de dados realizada com sucesso!
17:29:05 03-11-2023 [INFO]: Aplicação iniciada com sucesso na porta 3000
17:29:20 03-11-2023 [HTTP]: GET "/" 200 46 PostmanRuntime/7.35.0 - 2.076 ms

17:29:49 03-11-2023 [INFO]: Conexão com o banco de dados realizada com sucesso!
17:29:49 03-11-2023 [INFO]: Aplicação iniciada com sucesso na porta 3000
17:29:53 03-11-2023 [HTTP]: GET "/" 200 46 PostmanRuntime/7.35.0 - 2.228 ms

17:30:42 03-11-2023 [INFO]: Conexão com o banco de dados realizada com sucesso!
17:30:42 03-11-2023 [INFO]: Aplicação iniciada com sucesso na porta 3000
17:30:46 03-11-2023 [HTTP]: GET "/" 200 46 - 1.987 ms

17:31:19 03-11-2023 [INFO]: Conexão com o banco de dados realizada com sucesso!
17:31:19 03-11-2023 [INFO]: Aplicação iniciada com sucesso na porta 3000
17:31:38 03-11-2023 [HTTP]: GET "/" 200 46 PostmanRuntime/7.35.0 - 2.164 ms

